{
  "0 debug pnpm:scope": {
    "selected": 1,
    "total": 5,
    "workspacePrefix": "E:\\code\\github\\FEutils"
  },
  "1 info pnpm": {
    "err": {
      "name": "Error",
      "message": "@zcyutils/other@0.0.3 test: `jest`\nExit status 1",
      "code": "ELIFECYCLE",
      "stack": "Error: @zcyutils/other@0.0.3 test: `jest`\nExit status 1\n    at EventEmitter.<anonymous> (C:\\dev\\nvm\\v16.14.0\\node_modules\\pnpm\\dist\\pnpm.cjs:105664:20)\n    at EventEmitter.emit (node:events:520:28)\n    at ChildProcess.<anonymous> (C:\\dev\\nvm\\v16.14.0\\node_modules\\pnpm\\dist\\pnpm.cjs:92211:18)\n    at ChildProcess.emit (node:events:520:28)\n    at maybeClose (node:internal/child_process:1092:16)\n    at Process.ChildProcess._handle.onexit (node:internal/child_process:302:5)"
    }
  },
  "2 error pnpm": {
    "errno": 1,
    "code": "ERR_PNPM_RECURSIVE_RUN_FIRST_FAIL",
    "pkgid": "@zcyutils/other@0.0.3",
    "stage": "test",
    "script": "jest",
    "pkgname": "@zcyutils/other",
    "prefix": "E:\\code\\github\\FEutils\\packages\\other",
    "err": {
      "name": "pnpm",
      "message": "@zcyutils/other@0.0.3 test: `jest`\nExit status 1",
      "code": "ERR_PNPM_RECURSIVE_RUN_FIRST_FAIL",
      "stack": "Error: @zcyutils/other@0.0.3 test: `jest`\nExit status 1\n    at EventEmitter.<anonymous> (C:\\dev\\nvm\\v16.14.0\\node_modules\\pnpm\\dist\\pnpm.cjs:105664:20)\n    at EventEmitter.emit (node:events:520:28)\n    at ChildProcess.<anonymous> (C:\\dev\\nvm\\v16.14.0\\node_modules\\pnpm\\dist\\pnpm.cjs:92211:18)\n    at ChildProcess.emit (node:events:520:28)\n    at maybeClose (node:internal/child_process:1092:16)\n    at Process.ChildProcess._handle.onexit (node:internal/child_process:302:5)"
    }
  },
  "3 warn pnpm:global": " Local package.json exists, but node_modules missing, did you mean to install?"
}